2026-05-20 04:29:52 | main | INFO | ======================================================================
2026-05-20 04:29:52 | main | INFO | HearAlert — Sentetik Ses Üretimi & Veri Ön İşleme Pipeline'ı
2026-05-20 04:29:52 | main | INFO | ======================================================================
2026-05-20 04:29:52 | main | INFO | 
📢 ADIM 1: Sentetik ses üretimi başlıyor...
2026-05-20 04:29:52 | main | INFO | ✅ 40 sentetik ses dosyası üretildi.
2026-05-20 04:29:52 | main | INFO | 
📋 ADIM 2: Metadata oluşturuluyor...
2026-05-20 04:29:52 | main | INFO | Sınıf etiketleri: {'car_horn': np.int64(0), 'footsteps': np.int64(1), 'rain': np.int64(2), 'water_tap': np.int64(3)}
2026-05-20 04:29:52 | main | INFO | ✅ Metadata kaydedildi.
2026-05-20 04:29:52 | main | INFO | 
📊 ADIM 3: Sınıf dağılım grafiği çiziliyor...
2026-05-20 04:29:53 | main | INFO | ✅ Grafik kaydedildi: C:\Users\hsynt\Desktop\YapayZekaDers\Çevresel_Ses_Analizi\hearalert\outputs\plots\class_distribution.png
2026-05-20 04:29:53 | main | INFO | 
🔧 ADIM 4: Veri ön işleme başlıyor...
2026-05-20 04:30:18 | main | INFO | ✅ Ön işleme tamamlandı: 40/40 dosya başarılı.
2026-05-20 04:30:18 | main | INFO | 
🔍 ADIM 5: Doğrulama...
2026-05-20 04:30:18 | main | INFO | 
2026-05-20 04:30:18 | main | INFO | ======================================================================
2026-05-20 04:30:18 | main | INFO | SONUÇ RAPORU
2026-05-20 04:30:18 | main | INFO | ======================================================================
2026-05-20 04:30:18 | main | INFO |   Üretilen dosya sayısı  : 40
2026-05-20 04:30:18 | main | INFO |   İşlenen dosya sayısı   : 40
2026-05-20 04:30:18 | main | INFO |   Doğrulanan dosya sayısı : 40
2026-05-20 04:30:18 | main | INFO |   Hata sayısı            : 0
2026-05-20 04:30:18 | main | INFO |   Sınıflar               : ['footsteps', 'water_tap', 'car_horn', 'rain']
2026-05-20 04:30:18 | main | INFO |   Örnekleme hızı         : 22050 Hz
2026-05-20 04:30:18 | main | INFO |   Süre                   : 3.0 saniye
2026-05-20 04:30:18 | main | INFO |   Format                 : Mono, 16-bit WAV
2026-05-20 04:30:18 | main | INFO | ======================================================================
2026-05-20 04:30:18 | main | INFO | 🎉 Tüm doğrulamalar başarılı!
2026-05-20 04:30:18 | main | INFO | 
📁 Çıktı dizinleri:
2026-05-20 04:30:18 | main | INFO |   C:\Users\hsynt\Desktop\YapayZekaDers\Çevresel_Ses_Analizi\hearalert\dataset\synthetic → 40 dosya
2026-05-20 04:30:18 | main | INFO |   C:\Users\hsynt\Desktop\YapayZekaDers\Çevresel_Ses_Analizi\hearalert\processed\audio_clips → 40 dosya
2026-05-20 04:30:18 | main | INFO |   C:\Users\hsynt\Desktop\YapayZekaDers\Çevresel_Ses_Analizi\hearalert\processed\metadata → 2 dosya
2026-05-20 04:30:18 | main | INFO |   C:\Users\hsynt\Desktop\YapayZekaDers\Çevresel_Ses_Analizi\hearalert\outputs\plots → 1 dosya
2026-05-20 04:31:05 | main | INFO | ======================================================================
2026-05-20 04:31:05 | main | INFO | HearAlert — Sentetik Ses Üretimi & Veri Ön İşleme Pipeline'ı
2026-05-20 04:31:05 | main | INFO | ======================================================================
2026-05-20 04:31:05 | main | INFO | 
[ADIM 1] Sentetik ses uretimi basliyor...
2026-05-20 04:31:06 | main | INFO | [OK] 40 sentetik ses dosyasi uretildi.
2026-05-20 04:31:06 | main | INFO | 
[ADIM 2] Metadata olusturuluyor...
2026-05-20 04:31:06 | main | INFO | Sınıf etiketleri: {'car_horn': np.int64(0), 'footsteps': np.int64(1), 'rain': np.int64(2), 'water_tap': np.int64(3)}
2026-05-20 04:31:06 | main | INFO | [OK] Metadata kaydedildi.
2026-05-20 04:31:06 | main | INFO | 
[ADIM 3] Sinif dagilim grafigi ciziliyor...
2026-05-20 04:31:06 | main | INFO | [OK] Grafik kaydedildi: C:\Users\hsynt\Desktop\YapayZekaDers\Çevresel_Ses_Analizi\hearalert\outputs\plots\class_distribution.png
2026-05-20 04:31:06 | main | INFO | 
[ADIM 4] Veri on isleme basliyor...
2026-05-20 04:31:10 | main | INFO | [OK] On isleme tamamlandi: 40/40 dosya basarili.
2026-05-20 04:31:10 | main | INFO | 
[ADIM 5] Dogrulama...
2026-05-20 04:31:10 | main | INFO | 
2026-05-20 04:31:10 | main | INFO | ======================================================================
2026-05-20 04:31:10 | main | INFO | SONUÇ RAPORU
2026-05-20 04:31:10 | main | INFO | ======================================================================
2026-05-20 04:31:10 | main | INFO |   Üretilen dosya sayısı  : 40
2026-05-20 04:31:10 | main | INFO |   İşlenen dosya sayısı   : 40
2026-05-20 04:31:10 | main | INFO |   Doğrulanan dosya sayısı : 40
2026-05-20 04:31:10 | main | INFO |   Hata sayısı            : 0
2026-05-20 04:31:10 | main | INFO |   Siniflar               : ['footsteps', 'water_tap', 'car_horn', 'rain']
2026-05-20 04:31:10 | main | INFO |   Ornekleme hizi         : 22050 Hz
2026-05-20 04:31:10 | main | INFO |   Sure                   : 3.0 saniye
2026-05-20 04:31:10 | main | INFO |   Format                 : Mono, 16-bit WAV
2026-05-20 04:31:10 | main | INFO | ======================================================================
2026-05-20 04:31:10 | main | INFO | [BASARILI] Tum dogrulamalar basarili!
2026-05-20 04:31:10 | main | INFO | 
Cikti dizinleri:
2026-05-20 04:31:10 | main | INFO |   C:\Users\hsynt\Desktop\YapayZekaDers\Çevresel_Ses_Analizi\hearalert\dataset\synthetic -> 40 dosya
2026-05-20 04:31:10 | main | INFO |   C:\Users\hsynt\Desktop\YapayZekaDers\Çevresel_Ses_Analizi\hearalert\processed\audio_clips -> 40 dosya
2026-05-20 04:31:10 | main | INFO |   C:\Users\hsynt\Desktop\YapayZekaDers\Çevresel_Ses_Analizi\hearalert\processed\metadata -> 2 dosya
2026-05-20 04:31:10 | main | INFO |   C:\Users\hsynt\Desktop\YapayZekaDers\Çevresel_Ses_Analizi\hearalert\outputs\plots -> 1 dosya
2026-05-20 04:44:54 | main | INFO | ============================================================
2026-05-20 04:44:54 | main | INFO | [ADIM 1] ESC-50 veri seti hazirlaniyor...
2026-05-20 04:44:54 | main | INFO | ============================================================
2026-05-20 04:44:54 | main | INFO | Label encoder kaydedildi.
2026-05-20 04:44:59 | main | INFO | [OK] Hazirlama tamamlandi: 240/240 dosya
2026-05-20 04:44:59 | main | INFO | ============================================================
2026-05-20 04:44:59 | main | INFO | [ADIM 2] MFCC feature cikarimi...
2026-05-20 04:44:59 | main | INFO | ============================================================
2026-05-20 04:45:03 | main | INFO | [OK] MFCC cikarimi tamamlandi: X=(240, 80), y=(240,)
2026-05-20 04:45:06 | main | INFO | ============================================================
2026-05-20 04:45:06 | main | INFO | [ADIM 3] MLP modeli egitimi...
2026-05-20 04:45:06 | main | INFO | ============================================================
2026-05-20 04:45:15 | main | INFO | [OK] MLP egitimi tamamlandi!
2026-05-20 04:45:15 | main | INFO | ============================================================
2026-05-20 04:45:15 | main | INFO | [ADIM 4] Model degerlendirme...
2026-05-20 04:45:15 | main | INFO | ============================================================
2026-05-20 04:45:16 | main | INFO | 
Classification Report:
                precision    recall  f1-score   support

   alarm_clock       1.00      0.75      0.86         8
   crying_baby       1.00      1.00      1.00         8
      dog_bark       1.00      0.75      0.86         8
     door_bell       0.80      1.00      0.89         8
glass_breaking       1.00      1.00      1.00         8
         siren       0.80      1.00      0.89         8

      accuracy                           0.92        48
     macro avg       0.93      0.92      0.92        48
  weighted avg       0.93      0.92      0.92        48

2026-05-20 04:45:16 | main | INFO | [OK] Degerlendirme tamamlandi!
2026-05-20 04:55:41 | main | INFO | ============================================================
2026-05-20 04:55:41 | main | INFO | [ADIM 1] ESC-50 veri seti hazirlaniyor...
2026-05-20 04:55:41 | main | INFO | ============================================================
2026-05-20 04:55:41 | main | INFO | Label encoder kaydedildi.
2026-05-20 04:55:46 | main | INFO | [OK] Hazirlama tamamlandi: 240/240 dosya
2026-05-20 04:55:46 | main | INFO | ============================================================
2026-05-20 04:55:46 | main | INFO | [ADIM 2] Data augmentation basliyor...
2026-05-20 04:55:46 | main | INFO | ============================================================
2026-05-20 04:56:46 | main | INFO | [OK] Augmentation tamamlandi: 4240 toplam ornek
2026-05-20 04:56:46 | main | INFO | ============================================================
2026-05-20 04:56:46 | main | INFO | [ADIM 3] Feature cikarimi - both...
2026-05-20 04:56:46 | main | INFO | ============================================================
2026-05-20 04:57:04 | main | INFO | [OK] MFCC: X=(4240, 80)
2026-05-20 04:57:26 | main | INFO | [OK] LogMel: X=(4240, 128, 128, 1)
2026-05-20 04:57:26 | main | INFO | ============================================================
2026-05-20 04:57:26 | main | INFO | [ADIM 4] MLP modeli egitimi...
2026-05-20 04:57:26 | main | INFO | ============================================================
2026-05-20 04:57:43 | main | INFO | [OK] MLP egitimi tamamlandi!
2026-05-20 04:57:43 | main | INFO | ============================================================
2026-05-20 04:57:43 | main | INFO | [ADIM 4] CNN modeli egitimi...
2026-05-20 04:57:43 | main | INFO | ============================================================
2026-05-20 05:00:23 | main | INFO | [OK] CNN egitimi tamamlandi!
2026-05-20 05:00:23 | main | INFO | ============================================================
2026-05-20 05:00:23 | main | INFO | [ADIM 5] MLP degerlendirme...
2026-05-20 05:00:23 | main | INFO | ============================================================
2026-05-20 05:00:24 | main | INFO | 
MLP Classification Report:
                precision    recall  f1-score   support

   alarm_clock       0.99      0.99      0.99       152
   crying_baby       0.92      0.98      0.95       152
      dog_bark       0.98      0.91      0.95       152
     door_bell       0.93      0.86      0.89       152
glass_breaking       0.85      0.90      0.87       120
         siren       0.96      0.99      0.98       120

      accuracy                           0.94       848
     macro avg       0.94      0.94      0.94       848
  weighted avg       0.94      0.94      0.94       848

2026-05-20 05:00:24 | main | INFO | [OK] MLP degerlendirme tamamlandi!
2026-05-20 05:00:24 | main | INFO | ============================================================
2026-05-20 05:00:24 | main | INFO | [ADIM 5] CNN degerlendirme...
2026-05-20 05:00:24 | main | INFO | ============================================================
2026-05-20 05:00:25 | main | INFO | 
CNN Classification Report:
                precision    recall  f1-score   support

   alarm_clock       0.94      0.95      0.94       152
   crying_baby       0.90      0.99      0.94       152
      dog_bark       0.98      0.84      0.90       152
     door_bell       0.83      0.86      0.84       152
glass_breaking       0.80      0.82      0.81       120
         siren       0.97      0.96      0.97       120

      accuracy                           0.90       848
     macro avg       0.90      0.90      0.90       848
  weighted avg       0.91      0.90      0.90       848

2026-05-20 05:00:25 | main | INFO | [OK] CNN degerlendirme tamamlandi!
2026-05-20 05:56:47 | main | INFO | ============================================================
2026-05-20 05:56:47 | main | INFO | [ADIM 6] HearAlert GUI baslatiliyor...
2026-05-20 05:56:47 | main | INFO | ============================================================
2026-05-20 06:07:09 | main | INFO | ============================================================
2026-05-20 06:07:09 | main | INFO | [ADIM 6] HearAlert GUI baslatiliyor...
2026-05-20 06:07:09 | main | INFO | ============================================================
2026-05-20 06:15:05 | main | INFO | ============================================================
2026-05-20 06:15:05 | main | INFO | [ADIM 6] HearAlert GUI baslatiliyor...
2026-05-20 06:15:05 | main | INFO | ============================================================
2026-05-20 06:17:29 | main | INFO | ============================================================
2026-05-20 06:17:29 | main | INFO | [ADIM 6] HearAlert GUI baslatiliyor...
2026-05-20 06:17:29 | main | INFO | ============================================================
2026-05-20 13:18:53 | main | INFO | ============================================================
2026-05-20 13:18:53 | main | INFO | [ADIM 6] HearAlert GUI baslatiliyor...
2026-05-20 13:18:53 | main | INFO | ============================================================
2026-05-20 13:41:08 | main | INFO | ============================================================
2026-05-20 13:41:08 | main | INFO | [ADIM 6] HearAlert GUI baslatiliyor...
2026-05-20 13:41:08 | main | INFO | ============================================================
2026-05-20 13:50:02 | main | INFO | ============================================================
2026-05-20 13:50:02 | main | INFO | [ADIM 6] HearAlert GUI baslatiliyor...
2026-05-20 13:50:02 | main | INFO | ============================================================
2026-05-20 13:55:00 | main | INFO | ============================================================
2026-05-20 13:55:00 | main | INFO | [ADIM 6] HearAlert GUI baslatiliyor...
2026-05-20 13:55:00 | main | INFO | ============================================================
2026-05-20 13:59:42 | main | INFO | ============================================================
2026-05-20 13:59:42 | main | INFO | [ADIM 6] HearAlert GUI baslatiliyor...
2026-05-20 13:59:42 | main | INFO | ============================================================
2026-05-20 14:02:48 | main | INFO | ============================================================
2026-05-20 14:02:48 | main | INFO | [ADIM 6] HearAlert GUI baslatiliyor...
2026-05-20 14:02:48 | main | INFO | ============================================================
2026-05-20 14:49:36 | main | INFO | ============================================================
2026-05-20 14:49:36 | main | INFO | [ADIM 6] HearAlert GUI baslatiliyor...
2026-05-20 14:49:36 | main | INFO | ============================================================
2026-05-20 17:25:51 | main | INFO | ============================================================
2026-05-20 17:25:51 | main | INFO | [ADIM 6] HearAlert GUI baslatiliyor...
2026-05-20 17:25:51 | main | INFO | ============================================================
2026-06-05 11:44:50 | main | INFO | ============================================================
2026-06-05 11:44:50 | main | INFO | [ADIM 6] HearAlert GUI baslatiliyor...
2026-06-05 11:44:50 | main | INFO | ============================================================
2026-06-05 11:49:05 | main | INFO | ============================================================
2026-06-05 11:49:05 | main | INFO | [ADIM 1] ESC-50 veri seti hazirlaniyor...
2026-06-05 11:49:05 | main | INFO | ============================================================
2026-06-05 11:49:06 | main | INFO | Label encoder kaydedildi.
2026-06-05 11:49:13 | main | INFO | [OK] Hazirlama tamamlandi: 200/200 dosya
2026-06-05 11:49:13 | main | INFO | ============================================================
2026-06-05 11:49:13 | main | INFO | [ADIM 2] Data augmentation basliyor...
2026-06-05 11:49:13 | main | INFO | ============================================================
2026-06-05 11:50:03 | main | INFO | [OK] Augmentation tamamlandi: 3480 toplam ornek
2026-06-05 11:50:03 | main | INFO | ============================================================
2026-06-05 11:50:03 | main | INFO | [ADIM 3] Feature cikarimi - both...
2026-06-05 11:50:03 | main | INFO | ============================================================
2026-06-05 11:50:18 | main | INFO | [OK] MFCC: X=(3480, 80)
2026-06-05 11:50:39 | main | INFO | [OK] LogMel: X=(3480, 128, 128, 1)
2026-06-05 11:50:39 | main | INFO | ============================================================
2026-06-05 11:50:39 | main | INFO | [ADIM 4] MLP modeli egitimi...
2026-06-05 11:50:39 | main | INFO | ============================================================
2026-06-05 11:50:53 | main | INFO | [OK] MLP egitimi tamamlandi!
2026-06-05 11:50:53 | main | INFO | ============================================================
2026-06-05 11:50:53 | main | INFO | [ADIM 4] CNN modeli egitimi...
2026-06-05 11:50:53 | main | INFO | ============================================================
2026-06-05 11:51:23 | main | INFO | ============================================================
2026-06-05 11:51:23 | main | INFO | [ADIM 4] CNN modeli egitimi...
2026-06-05 11:51:23 | main | INFO | ============================================================
2026-06-05 11:53:40 | main | INFO | [OK] CNN egitimi tamamlandi!
2026-06-05 11:53:53 | main | INFO | ============================================================
2026-06-05 11:53:53 | main | INFO | [ADIM 5] MLP degerlendirme...
2026-06-05 11:53:53 | main | INFO | ============================================================
2026-06-05 11:53:54 | main | INFO | 
MLP Classification Report:
                precision    recall  f1-score   support

   alarm_clock       1.00      0.95      0.97       152
   crying_baby       0.97      0.99      0.98       152
      dog_bark       0.97      0.97      0.97       152
glass_breaking       0.90      0.94      0.92       120
         siren       0.97      0.97      0.97       120

      accuracy                           0.96       696
     macro avg       0.96      0.96      0.96       696
  weighted avg       0.96      0.96      0.96       696

2026-06-05 11:53:54 | main | INFO | [OK] MLP degerlendirme tamamlandi!
2026-06-05 11:54:06 | main | INFO | ============================================================
2026-06-05 11:54:06 | main | INFO | [ADIM 5] CNN degerlendirme...
2026-06-05 11:54:06 | main | INFO | ============================================================
2026-06-05 11:54:07 | main | INFO | 
CNN Classification Report:
                precision    recall  f1-score   support

   alarm_clock       0.97      0.95      0.96       152
   crying_baby       0.94      0.99      0.96       152
      dog_bark       0.98      0.92      0.95       152
glass_breaking       0.90      0.91      0.90       120
         siren       0.97      0.99      0.98       120

      accuracy                           0.95       696
     macro avg       0.95      0.95      0.95       696
  weighted avg       0.95      0.95      0.95       696

2026-06-05 11:54:07 | main | INFO | [OK] CNN degerlendirme tamamlandi!
2026-06-05 11:54:26 | main | INFO | ============================================================
2026-06-05 11:54:26 | main | INFO | [ADIM 6] HearAlert GUI baslatiliyor...
2026-06-05 11:54:26 | main | INFO | ============================================================
2026-06-05 12:03:29 | main | INFO | ============================================================
2026-06-05 12:03:29 | main | INFO | [ADIM 6] HearAlert GUI baslatiliyor...
2026-06-05 12:03:29 | main | INFO | ============================================================
2026-06-05 12:09:12 | main | INFO | ============================================================
2026-06-05 12:09:12 | main | INFO | [ADIM 6] HearAlert GUI baslatiliyor...
2026-06-05 12:09:12 | main | INFO | ============================================================
2026-06-05 12:18:35 | main | INFO | ============================================================
2026-06-05 12:18:35 | main | INFO | [ADIM 6] HearAlert GUI baslatiliyor...
2026-06-05 12:18:35 | main | INFO | ============================================================
2026-06-05 12:20:36 | main | INFO | ============================================================
2026-06-05 12:20:36 | main | INFO | [ADIM 6] HearAlert GUI baslatiliyor...
2026-06-05 12:20:36 | main | INFO | ============================================================
2026-06-05 12:22:33 | main | INFO | ============================================================
2026-06-05 12:22:33 | main | INFO | [ADIM 6] HearAlert GUI baslatiliyor...
2026-06-05 12:22:33 | main | INFO | ============================================================
2026-06-05 12:25:48 | main | INFO | ============================================================
2026-06-05 12:25:48 | main | INFO | [ADIM 6] HearAlert GUI baslatiliyor...
2026-06-05 12:25:48 | main | INFO | ============================================================
2026-06-05 12:35:46 | main | INFO | ============================================================
2026-06-05 12:35:46 | main | INFO | [ADIM 3] Feature cikarimi - both...
2026-06-05 12:35:46 | main | INFO | ============================================================
2026-06-05 12:36:17 | main | INFO | [OK] MFCC: X=(3480, 80)
2026-06-05 12:36:38 | main | INFO | [OK] LogMel: X=(3480, 128, 128, 1)
2026-06-05 12:36:56 | main | INFO | ============================================================
2026-06-05 12:36:56 | main | INFO | [ADIM 4] MLP modeli egitimi...
2026-06-05 12:36:56 | main | INFO | ============================================================
2026-06-05 12:37:04 | main | INFO | [OK] MLP egitimi tamamlandi!
2026-06-05 12:37:07 | main | INFO | ============================================================
2026-06-05 12:37:07 | main | INFO | [ADIM 4] CNN modeli egitimi...
2026-06-05 12:37:07 | main | INFO | ============================================================
2026-06-05 12:39:36 | main | INFO | [OK] CNN egitimi tamamlandi!
2026-06-05 12:39:43 | main | INFO | ============================================================
2026-06-05 12:39:43 | main | INFO | [ADIM 5] MLP degerlendirme...
2026-06-05 12:39:43 | main | INFO | ============================================================
2026-06-05 12:39:44 | main | INFO | 
MLP Classification Report:
                precision    recall  f1-score   support

   alarm_clock       0.82      0.99      0.89       152
   crying_baby       0.88      0.62      0.73       152
      dog_bark       0.78      0.79      0.78       152
glass_breaking       0.95      0.82      0.88       120
         siren       0.62      0.76      0.68       120

      accuracy                           0.80       696
     macro avg       0.81      0.80      0.80       696
  weighted avg       0.81      0.80      0.80       696

2026-06-05 12:39:44 | main | INFO | [OK] MLP degerlendirme tamamlandi!
2026-06-05 12:39:51 | main | INFO | ============================================================
2026-06-05 12:39:51 | main | INFO | [ADIM 5] CNN degerlendirme...
2026-06-05 12:39:51 | main | INFO | ============================================================
2026-06-05 12:39:53 | main | INFO | 
CNN Classification Report:
                precision    recall  f1-score   support

   alarm_clock       0.94      0.99      0.96       152
   crying_baby       0.86      0.88      0.87       152
      dog_bark       0.57      0.78      0.66       152
glass_breaking       0.72      0.40      0.51       120
         siren       0.82      0.71      0.76       120

      accuracy                           0.77       696
     macro avg       0.78      0.75      0.75       696
  weighted avg       0.78      0.77      0.76       696

2026-06-05 12:39:53 | main | INFO | [OK] CNN degerlendirme tamamlandi!
2026-06-05 12:43:41 | main | INFO | ============================================================
2026-06-05 12:43:41 | main | INFO | [ADIM 6] HearAlert GUI baslatiliyor...
2026-06-05 12:43:41 | main | INFO | ============================================================
