2026-05-20 04:29:52 | src.synth.sound_generator | INFO | SyntheticSoundGenerator başlatıldı — SR: 22050, Süre: 3.0s
2026-05-20 04:29:52 | src.synth.sound_generator | INFO | Sentetik ses üretimi başlıyor — 4 sınıf × 10 varyasyon
2026-05-20 04:29:52 | src.synth.sound_generator | INFO | Üretildi: footsteps_synth_000.wav (var=0)
2026-05-20 04:29:52 | src.synth.sound_generator | INFO | Üretildi: footsteps_synth_001.wav (var=1)
2026-05-20 04:29:52 | src.synth.sound_generator | INFO | Üretildi: footsteps_synth_002.wav (var=2)
2026-05-20 04:29:52 | src.synth.sound_generator | INFO | Üretildi: footsteps_synth_003.wav (var=3)
2026-05-20 04:29:52 | src.synth.sound_generator | INFO | Üretildi: footsteps_synth_004.wav (var=4)
2026-05-20 04:29:52 | src.synth.sound_generator | INFO | Üretildi: footsteps_synth_005.wav (var=5)
2026-05-20 04:29:52 | src.synth.sound_generator | INFO | Üretildi: footsteps_synth_006.wav (var=6)
2026-05-20 04:29:52 | src.synth.sound_generator | INFO | Üretildi: footsteps_synth_007.wav (var=7)
2026-05-20 04:29:52 | src.synth.sound_generator | INFO | Üretildi: footsteps_synth_008.wav (var=8)
2026-05-20 04:29:52 | src.synth.sound_generator | INFO | Üretildi: footsteps_synth_009.wav (var=9)
2026-05-20 04:29:52 | src.synth.sound_generator | INFO | Üretildi: water_tap_synth_000.wav (var=0)
2026-05-20 04:29:52 | src.synth.sound_generator | INFO | Üretildi: water_tap_synth_001.wav (var=1)
2026-05-20 04:29:52 | src.synth.sound_generator | INFO | Üretildi: water_tap_synth_002.wav (var=2)
2026-05-20 04:29:52 | src.synth.sound_generator | INFO | Üretildi: water_tap_synth_003.wav (var=3)
2026-05-20 04:29:52 | src.synth.sound_generator | INFO | Üretildi: water_tap_synth_004.wav (var=4)
2026-05-20 04:29:52 | src.synth.sound_generator | INFO | Üretildi: water_tap_synth_005.wav (var=5)
2026-05-20 04:29:52 | src.synth.sound_generator | INFO | Üretildi: water_tap_synth_006.wav (var=6)
2026-05-20 04:29:52 | src.synth.sound_generator | INFO | Üretildi: water_tap_synth_007.wav (var=7)
2026-05-20 04:29:52 | src.synth.sound_generator | INFO | Üretildi: water_tap_synth_008.wav (var=8)
2026-05-20 04:29:52 | src.synth.sound_generator | INFO | Üretildi: water_tap_synth_009.wav (var=9)
2026-05-20 04:29:52 | src.synth.sound_generator | INFO | Üretildi: car_horn_synth_000.wav (var=0)
2026-05-20 04:29:52 | src.synth.sound_generator | INFO | Üretildi: car_horn_synth_001.wav (var=1)
2026-05-20 04:29:52 | src.synth.sound_generator | INFO | Üretildi: car_horn_synth_002.wav (var=2)
2026-05-20 04:29:52 | src.synth.sound_generator | INFO | Üretildi: car_horn_synth_003.wav (var=3)
2026-05-20 04:29:52 | src.synth.sound_generator | INFO | Üretildi: car_horn_synth_004.wav (var=4)
2026-05-20 04:29:52 | src.synth.sound_generator | INFO | Üretildi: car_horn_synth_005.wav (var=5)
2026-05-20 04:29:52 | src.synth.sound_generator | INFO | Üretildi: car_horn_synth_006.wav (var=6)
2026-05-20 04:29:52 | src.synth.sound_generator | INFO | Üretildi: car_horn_synth_007.wav (var=7)
2026-05-20 04:29:52 | src.synth.sound_generator | INFO | Üretildi: car_horn_synth_008.wav (var=8)
2026-05-20 04:29:52 | src.synth.sound_generator | INFO | Üretildi: car_horn_synth_009.wav (var=9)
2026-05-20 04:29:52 | src.synth.sound_generator | INFO | Üretildi: rain_synth_000.wav (var=0)
2026-05-20 04:29:52 | src.synth.sound_generator | INFO | Üretildi: rain_synth_001.wav (var=1)
2026-05-20 04:29:52 | src.synth.sound_generator | INFO | Üretildi: rain_synth_002.wav (var=2)
2026-05-20 04:29:52 | src.synth.sound_generator | INFO | Üretildi: rain_synth_003.wav (var=3)
2026-05-20 04:29:52 | src.synth.sound_generator | INFO | Üretildi: rain_synth_004.wav (var=4)
2026-05-20 04:29:52 | src.synth.sound_generator | INFO | Üretildi: rain_synth_005.wav (var=5)
2026-05-20 04:29:52 | src.synth.sound_generator | INFO | Üretildi: rain_synth_006.wav (var=6)
2026-05-20 04:29:52 | src.synth.sound_generator | INFO | Üretildi: rain_synth_007.wav (var=7)
2026-05-20 04:29:52 | src.synth.sound_generator | INFO | Üretildi: rain_synth_008.wav (var=8)
2026-05-20 04:29:52 | src.synth.sound_generator | INFO | Üretildi: rain_synth_009.wav (var=9)
2026-05-20 04:29:52 | src.synth.sound_generator | INFO | Sentetik üretim tamamlandı — Toplam: 40 dosya
2026-05-20 04:31:05 | src.synth.sound_generator | INFO | SyntheticSoundGenerator başlatıldı — SR: 22050, Süre: 3.0s
2026-05-20 04:31:05 | src.synth.sound_generator | INFO | Sentetik ses üretimi başlıyor — 4 sınıf × 10 varyasyon
2026-05-20 04:31:05 | src.synth.sound_generator | INFO | Üretildi: footsteps_synth_000.wav (var=0)
2026-05-20 04:31:05 | src.synth.sound_generator | INFO | Üretildi: footsteps_synth_001.wav (var=1)
2026-05-20 04:31:05 | src.synth.sound_generator | INFO | Üretildi: footsteps_synth_002.wav (var=2)
2026-05-20 04:31:05 | src.synth.sound_generator | INFO | Üretildi: footsteps_synth_003.wav (var=3)
2026-05-20 04:31:05 | src.synth.sound_generator | INFO | Üretildi: footsteps_synth_004.wav (var=4)
2026-05-20 04:31:05 | src.synth.sound_generator | INFO | Üretildi: footsteps_synth_005.wav (var=5)
2026-05-20 04:31:06 | src.synth.sound_generator | INFO | Üretildi: footsteps_synth_006.wav (var=6)
2026-05-20 04:31:06 | src.synth.sound_generator | INFO | Üretildi: footsteps_synth_007.wav (var=7)
2026-05-20 04:31:06 | src.synth.sound_generator | INFO | Üretildi: footsteps_synth_008.wav (var=8)
2026-05-20 04:31:06 | src.synth.sound_generator | INFO | Üretildi: footsteps_synth_009.wav (var=9)
2026-05-20 04:31:06 | src.synth.sound_generator | INFO | Üretildi: water_tap_synth_000.wav (var=0)
2026-05-20 04:31:06 | src.synth.sound_generator | INFO | Üretildi: water_tap_synth_001.wav (var=1)
2026-05-20 04:31:06 | src.synth.sound_generator | INFO | Üretildi: water_tap_synth_002.wav (var=2)
2026-05-20 04:31:06 | src.synth.sound_generator | INFO | Üretildi: water_tap_synth_003.wav (var=3)
2026-05-20 04:31:06 | src.synth.sound_generator | INFO | Üretildi: water_tap_synth_004.wav (var=4)
2026-05-20 04:31:06 | src.synth.sound_generator | INFO | Üretildi: water_tap_synth_005.wav (var=5)
2026-05-20 04:31:06 | src.synth.sound_generator | INFO | Üretildi: water_tap_synth_006.wav (var=6)
2026-05-20 04:31:06 | src.synth.sound_generator | INFO | Üretildi: water_tap_synth_007.wav (var=7)
2026-05-20 04:31:06 | src.synth.sound_generator | INFO | Üretildi: water_tap_synth_008.wav (var=8)
2026-05-20 04:31:06 | src.synth.sound_generator | INFO | Üretildi: water_tap_synth_009.wav (var=9)
2026-05-20 04:31:06 | src.synth.sound_generator | INFO | Üretildi: car_horn_synth_000.wav (var=0)
2026-05-20 04:31:06 | src.synth.sound_generator | INFO | Üretildi: car_horn_synth_001.wav (var=1)
2026-05-20 04:31:06 | src.synth.sound_generator | INFO | Üretildi: car_horn_synth_002.wav (var=2)
2026-05-20 04:31:06 | src.synth.sound_generator | INFO | Üretildi: car_horn_synth_003.wav (var=3)
2026-05-20 04:31:06 | src.synth.sound_generator | INFO | Üretildi: car_horn_synth_004.wav (var=4)
2026-05-20 04:31:06 | src.synth.sound_generator | INFO | Üretildi: car_horn_synth_005.wav (var=5)
2026-05-20 04:31:06 | src.synth.sound_generator | INFO | Üretildi: car_horn_synth_006.wav (var=6)
2026-05-20 04:31:06 | src.synth.sound_generator | INFO | Üretildi: car_horn_synth_007.wav (var=7)
2026-05-20 04:31:06 | src.synth.sound_generator | INFO | Üretildi: car_horn_synth_008.wav (var=8)
2026-05-20 04:31:06 | src.synth.sound_generator | INFO | Üretildi: car_horn_synth_009.wav (var=9)
2026-05-20 04:31:06 | src.synth.sound_generator | INFO | Üretildi: rain_synth_000.wav (var=0)
2026-05-20 04:31:06 | src.synth.sound_generator | INFO | Üretildi: rain_synth_001.wav (var=1)
2026-05-20 04:31:06 | src.synth.sound_generator | INFO | Üretildi: rain_synth_002.wav (var=2)
2026-05-20 04:31:06 | src.synth.sound_generator | INFO | Üretildi: rain_synth_003.wav (var=3)
2026-05-20 04:31:06 | src.synth.sound_generator | INFO | Üretildi: rain_synth_004.wav (var=4)
2026-05-20 04:31:06 | src.synth.sound_generator | INFO | Üretildi: rain_synth_005.wav (var=5)
2026-05-20 04:31:06 | src.synth.sound_generator | INFO | Üretildi: rain_synth_006.wav (var=6)
2026-05-20 04:31:06 | src.synth.sound_generator | INFO | Üretildi: rain_synth_007.wav (var=7)
2026-05-20 04:31:06 | src.synth.sound_generator | INFO | Üretildi: rain_synth_008.wav (var=8)
2026-05-20 04:31:06 | src.synth.sound_generator | INFO | Üretildi: rain_synth_009.wav (var=9)
2026-05-20 04:31:06 | src.synth.sound_generator | INFO | Sentetik üretim tamamlandı — Toplam: 40 dosya
